<?xml version="1.0" encoding="UTF-8"?>
<!-- Generated by org.testng.reporters.JUnitXMLReporter -->
<testsuite ignored="2" hostname="DESKTOP-IU606U2" failures="0" tests="15" name="Default test" time="18.998" errors="0" timestamp="2023-09-06T21:39:02 IST">
  <testcase classname="shoppersStack.ShopperStack" name="login" time="3.899"/>
  <testcase classname="shoppersStack.ShopperStack" name="viewProduct" time="1.95"/>
  <testcase classname="shoppersStack.ShopperStack" name="wishlist" time="1.121"/>
  <testcase classname="shoppersStack.ShopperStack" name="getProductFromWishlist" time="0.992"/>
  <testcase classname="shoppersStack.ShopperStack" name="deleteProductFromWishlist" time="0.968"/>
  <testcase classname="shoppersStack.ShopperStack" name="addProductToCart" time="0.937"/>
  <testcase classname="shoppersStack.ShopperStack" name="getProductFromCart" time="0.922"/>
  <testcase classname="shoppersStack.ShopperStack" name="updateProductInCart" time="0.997"/>
  <testcase classname="shoppersStack.ShopperStack" name="addAddressForTheProduct" time="0.996"/>
  <testcase classname="shoppersStack.ShopperStack" name="getAddress" time="0.996"/>
  <testcase classname="shoppersStack.ShopperStack" name="updateTheAddress" time="1.043"/>
  <testcase classname="shoppersStack.ShopperStack" name="placeOrderOfProduct" time="1.038"/>
  <testcase classname="shoppersStack.ShopperStack" name="getOrderedProduct" time="1.022"/>
  <testcase classname="shoppersStack.ShopperStack" name="udateTheOrderedProduct" time="1.029"/>
  <testcase classname="shoppersStack.ShopperStack" name="CancelOrder" time="0.953"/>
  <testcase classname="shoppersStack.ShopperStack" name="deleteProductFromCart" time="0.0">
    <ignored/>
  </testcase> <!-- deleteProductFromCart -->
  <testcase classname="shoppersStack.ShopperStack" name="deleteTheAddress" time="0.0">
    <ignored/>
  </testcase> <!-- deleteTheAddress -->
</testsuite> <!-- Default test -->
