<?xml version="1.0" encoding="UTF-8"?>
<testng-results ignored="2" total="17" passed="15" failed="0" skipped="0">
  <reporter-output>
  </reporter-output>
  <suite started-at="2023-09-06T21:38:43 IST" name="Default suite" finished-at="2023-09-06T21:39:02 IST" duration-ms="18998">
    <groups>
    </groups>
    <test started-at="2023-09-06T21:38:43 IST" name="Default test" finished-at="2023-09-06T21:39:02 IST" duration-ms="18998">
      <class name="shoppersStack.ShopperStack">
        <test-method signature="login()[pri:1, instance:shoppersStack.ShopperStack@5a18cd76]" started-at="2023-09-06T21:38:43 IST" name="login" finished-at="2023-09-06T21:38:47 IST" duration-ms="3899" status="PASS">
          <reporter-output>
          </reporter-output>
        </test-method> <!-- login -->
        <test-method signature="viewProduct()[pri:2, instance:shoppersStack.ShopperStack@5a18cd76]" started-at="2023-09-06T21:38:47 IST" name="viewProduct" finished-at="2023-09-06T21:38:49 IST" duration-ms="1950" status="PASS">
          <reporter-output>
          </reporter-output>
        </test-method> <!-- viewProduct -->
        <test-method signature="wishlist()[pri:3, instance:shoppersStack.ShopperStack@5a18cd76]" started-at="2023-09-06T21:38:49 IST" name="wishlist" finished-at="2023-09-06T21:38:50 IST" duration-ms="1121" status="PASS">
          <reporter-output>
          </reporter-output>
        </test-method> <!-- wishlist -->
        <test-method signature="getProductFromWishlist()[pri:4, instance:shoppersStack.ShopperStack@5a18cd76]" started-at="2023-09-06T21:38:50 IST" name="getProductFromWishlist" finished-at="2023-09-06T21:38:51 IST" duration-ms="992" status="PASS">
          <reporter-output>
          </reporter-output>
        </test-method> <!-- getProductFromWishlist -->
        <test-method signature="deleteProductFromWishlist()[pri:5, instance:shoppersStack.ShopperStack@5a18cd76]" started-at="2023-09-06T21:38:51 IST" name="deleteProductFromWishlist" finished-at="2023-09-06T21:38:52 IST" duration-ms="968" status="PASS">
          <reporter-output>
          </reporter-output>
        </test-method> <!-- deleteProductFromWishlist -->
        <test-method signature="addProductToCart()[pri:6, instance:shoppersStack.ShopperStack@5a18cd76]" started-at="2023-09-06T21:38:52 IST" name="addProductToCart" finished-at="2023-09-06T21:38:53 IST" duration-ms="937" status="PASS">
          <reporter-output>
          </reporter-output>
        </test-method> <!-- addProductToCart -->
        <test-method signature="getProductFromCart()[pri:7, instance:shoppersStack.ShopperStack@5a18cd76]" started-at="2023-09-06T21:38:53 IST" name="getProductFromCart" finished-at="2023-09-06T21:38:54 IST" duration-ms="922" status="PASS">
          <reporter-output>
          </reporter-output>
        </test-method> <!-- getProductFromCart -->
        <test-method signature="updateProductInCart()[pri:8, instance:shoppersStack.ShopperStack@5a18cd76]" started-at="2023-09-06T21:38:54 IST" name="updateProductInCart" finished-at="2023-09-06T21:38:55 IST" duration-ms="997" status="PASS">
          <reporter-output>
          </reporter-output>
        </test-method> <!-- updateProductInCart -->
        <test-method signature="addAddressForTheProduct()[pri:10, instance:shoppersStack.ShopperStack@5a18cd76]" started-at="2023-09-06T21:38:55 IST" name="addAddressForTheProduct" finished-at="2023-09-06T21:38:56 IST" duration-ms="996" status="PASS">
          <reporter-output>
          </reporter-output>
        </test-method> <!-- addAddressForTheProduct -->
        <test-method signature="getAddress()[pri:11, instance:shoppersStack.ShopperStack@5a18cd76]" started-at="2023-09-06T21:38:56 IST" name="getAddress" finished-at="2023-09-06T21:38:57 IST" duration-ms="996" status="PASS">
          <reporter-output>
          </reporter-output>
        </test-method> <!-- getAddress -->
        <test-method signature="updateTheAddress()[pri:12, instance:shoppersStack.ShopperStack@5a18cd76]" started-at="2023-09-06T21:38:57 IST" name="updateTheAddress" finished-at="2023-09-06T21:38:58 IST" duration-ms="1043" status="PASS">
          <reporter-output>
          </reporter-output>
        </test-method> <!-- updateTheAddress -->
        <test-method signature="placeOrderOfProduct()[pri:14, instance:shoppersStack.ShopperStack@5a18cd76]" started-at="2023-09-06T21:38:58 IST" name="placeOrderOfProduct" finished-at="2023-09-06T21:38:59 IST" duration-ms="1038" status="PASS">
          <reporter-output>
          </reporter-output>
        </test-method> <!-- placeOrderOfProduct -->
        <test-method signature="getOrderedProduct()[pri:15, instance:shoppersStack.ShopperStack@5a18cd76]" started-at="2023-09-06T21:38:59 IST" name="getOrderedProduct" finished-at="2023-09-06T21:39:00 IST" duration-ms="1022" status="PASS">
          <reporter-output>
          </reporter-output>
        </test-method> <!-- getOrderedProduct -->
        <test-method signature="udateTheOrderedProduct()[pri:16, instance:shoppersStack.ShopperStack@5a18cd76]" started-at="2023-09-06T21:39:00 IST" name="udateTheOrderedProduct" finished-at="2023-09-06T21:39:01 IST" duration-ms="1029" status="PASS">
          <reporter-output>
          </reporter-output>
        </test-method> <!-- udateTheOrderedProduct -->
        <test-method signature="CancelOrder()[pri:17, instance:shoppersStack.ShopperStack@5a18cd76]" started-at="2023-09-06T21:39:01 IST" name="CancelOrder" finished-at="2023-09-06T21:39:02 IST" duration-ms="953" status="PASS">
          <reporter-output>
          </reporter-output>
        </test-method> <!-- CancelOrder -->
      </class> <!-- shoppersStack.ShopperStack -->
    </test> <!-- Default test -->
  </suite> <!-- Default suite -->
</testng-results>
